<?xml version="1.0" encoding="UTF-8"?>
<!-- Generated by org.testng.reporters.JUnitReportReporter -->
<testsuite hostname="DESKTOP-IO51JRL" failures="0" tests="1" name="TestEq" time="28.976" errors="0" timestamp="2021-09-23T19:34:17 IST" skipped="0">
  <testcase classname="TestEq" name="testGoogleSearch3" time="28.976"/>
  <system-out/>
</testsuite> <!-- TestEq -->
