<?xml version="1.0" encoding="UTF-8"?>
<!-- Generated by org.testng.reporters.JUnitReportReporter -->
<testsuite hostname="DESKTOP-IO51JRL" failures="0" tests="2" name="WorkFlows.PimTabOperations" time="25.086" errors="0" timestamp="2021-10-02T21:59:18 IST" skipped="0">
  <testcase classname="WorkFlows.PimTabOperations" name="loginORHMTest" time="10.824"/>
  <system-out/>
  <testcase classname="WorkFlows.PimTabOperations" name="operationOnPimTab" time="14.262"/>
  <system-out/>
</testsuite> <!-- WorkFlows.PimTabOperations -->
