<?xml version="1.0" encoding="UTF-8"?>
<!-- Generated by org.testng.reporters.JUnitReportReporter -->
<testsuite hostname="DESKTOP-IO51JRL" failures="0" tests="1" name="WorkFlows.OHRMLoginWorkFlows" time="20.405" errors="0" timestamp="2021-10-01T09:21:20 IST" skipped="0">
  <testcase classname="WorkFlows.OHRMLoginWorkFlows" name="loginORHMTest" time="20.405"/>
  <system-out/>
</testsuite> <!-- WorkFlows.OHRMLoginWorkFlows -->
