<?xml version="1.0" encoding="UTF-8"?>
<!-- Generated by org.testng.reporters.JUnitReportReporter -->
<testsuite hostname="DESKTOP-IO51JRL" failures="0" tests="2" name="WorkFlows.AdminTabOperations" time="20.902" errors="0" timestamp="2021-10-02T17:44:05 IST" skipped="0">
  <testcase classname="WorkFlows.AdminTabOperations" name="loginORHMTest" time="10.599"/>
  <system-out/>
  <testcase classname="WorkFlows.AdminTabOperations" name="operationOnAdminTab" time="10.303"/>
  <system-out/>
</testsuite> <!-- WorkFlows.AdminTabOperations -->
